[2020-02-25 23:25:42] production.ERROR: Please provide a valid cache path. {"exception":"[object] (InvalidArgumentException(code: 0): Please provide a valid cache path. at /mnt/Data/Documents/School/VS/12. semestr/DIP/src/examples/web/Laravel/vendor/laravel/framework/src/Illuminate/View/Compilers/Compiler.php:36)
[stacktrace]
#0 /mnt/Data/Documents/School/VS/12. semestr/DIP/src/examples/web/Laravel/vendor/laravel/framework/src/Illuminate/View/ViewServiceProvider.php(141): Illuminate\\View\\Compilers\\Compiler->__construct(Object(Illuminate\\Filesystem\\Filesystem), false)
#1 /mnt/Data/Documents/School/VS/12. semestr/DIP/src/examples/web/Laravel/vendor/laravel/framework/src/Illuminate/Container/Container.php(799): Illuminate\\View\\ViewServiceProvider->Illuminate\\View\\{closure}(Object(App\\Foundation\\Application), Array)
#2 /mnt/Data/Documents/School/VS/12. semestr/DIP/src/examples/web/Laravel/vendor/laravel/framework/src/Illuminate/Container/Container.php(681): Illuminate\\Container\\Container->build(Object(Closure))
#3 /mnt/Data/Documents/School/VS/12. semestr/DIP/src/examples/web/Laravel/vendor/laravel/framework/src/Illuminate/Container/Container.php(629): Illuminate\\Container\\Container->resolve('blade.compiler', Array)
#4 /mnt/Data/Documents/School/VS/12. semestr/DIP/src/examples/web/Laravel/vendor/laravel/framework/src/Illuminate/Foundation/Application.php(769): Illuminate\\Container\\Container->make('blade.compiler', Array)
#5 /mnt/Data/Documents/School/VS/12. semestr/DIP/src/examples/web/Laravel/vendor/laravel/framework/src/Illuminate/Container/Container.php(1245): Illuminate\\Foundation\\Application->make('blade.compiler')
#6 /mnt/Data/Documents/School/VS/12. semestr/DIP/src/examples/web/Laravel/vendor/laravel/framework/src/Illuminate/View/ViewServiceProvider.php(146): Illuminate\\Container\\Container->offsetGet('blade.compiler')
#7 [internal function]: Illuminate\\View\\ViewServiceProvider->Illuminate\\View\\{closure}()
#8 /mnt/Data/Documents/School/VS/12. semestr/DIP/src/examples/web/Laravel/vendor/laravel/framework/src/Illuminate/View/Engines/EngineResolver.php(55): call_user_func(Object(Closure))
#9 /mnt/Data/Documents/School/VS/12. semestr/DIP/src/examples/web/Laravel/vendor/facade/ignition/src/IgnitionServiceProvider.php(375): Illuminate\\View\\Engines\\EngineResolver->resolve('blade')
#10 /mnt/Data/Documents/School/VS/12. semestr/DIP/src/examples/web/Laravel/vendor/facade/ignition/src/IgnitionServiceProvider.php(117): Facade\\Ignition\\IgnitionServiceProvider->hasCustomViewEnginesRegistered()
#11 /mnt/Data/Documents/School/VS/12. semestr/DIP/src/examples/web/Laravel/vendor/facade/ignition/src/IgnitionServiceProvider.php(79): Facade\\Ignition\\IgnitionServiceProvider->registerViewEngines()
#12 [internal function]: Facade\\Ignition\\IgnitionServiceProvider->boot()
#13 /mnt/Data/Documents/School/VS/12. semestr/DIP/src/examples/web/Laravel/vendor/laravel/framework/src/Illuminate/Container/BoundMethod.php(32): call_user_func_array(Array, Array)
#14 /mnt/Data/Documents/School/VS/12. semestr/DIP/src/examples/web/Laravel/vendor/laravel/framework/src/Illuminate/Container/Util.php(36): Illuminate\\Container\\BoundMethod::Illuminate\\Container\\{closure}()
#15 /mnt/Data/Documents/School/VS/12. semestr/DIP/src/examples/web/Laravel/vendor/laravel/framework/src/Illuminate/Container/BoundMethod.php(90): Illuminate\\Container\\Util::unwrapIfClosure(Object(Closure))
#16 /mnt/Data/Documents/School/VS/12. semestr/DIP/src/examples/web/Laravel/vendor/laravel/framework/src/Illuminate/Container/BoundMethod.php(34): Illuminate\\Container\\BoundMethod::callBoundMethod(Object(App\\Foundation\\Application), Array, Object(Closure))
#17 /mnt/Data/Documents/School/VS/12. semestr/DIP/src/examples/web/Laravel/vendor/laravel/framework/src/Illuminate/Container/Container.php(590): Illuminate\\Container\\BoundMethod::call(Object(App\\Foundation\\Application), Array, Array, NULL)
#18 /mnt/Data/Documents/School/VS/12. semestr/DIP/src/examples/web/Laravel/vendor/laravel/framework/src/Illuminate/Foundation/Application.php(829): Illuminate\\Container\\Container->call(Array)
#19 /mnt/Data/Documents/School/VS/12. semestr/DIP/src/examples/web/Laravel/vendor/laravel/framework/src/Illuminate/Foundation/Application.php(812): Illuminate\\Foundation\\Application->bootProvider(Object(Facade\\Ignition\\IgnitionServiceProvider))
#20 [internal function]: Illuminate\\Foundation\\Application->Illuminate\\Foundation\\{closure}(Object(Facade\\Ignition\\IgnitionServiceProvider), 14)
#21 /mnt/Data/Documents/School/VS/12. semestr/DIP/src/examples/web/Laravel/vendor/laravel/framework/src/Illuminate/Foundation/Application.php(813): array_walk(Array, Object(Closure))
#22 /mnt/Data/Documents/School/VS/12. semestr/DIP/src/examples/web/Laravel/vendor/laravel/framework/src/Illuminate/Foundation/Bootstrap/BootProviders.php(17): Illuminate\\Foundation\\Application->boot()
#23 /mnt/Data/Documents/School/VS/12. semestr/DIP/src/examples/web/Laravel/vendor/laravel/framework/src/Illuminate/Foundation/Application.php(212): Illuminate\\Foundation\\Bootstrap\\BootProviders->bootstrap(Object(App\\Foundation\\Application))
#24 /mnt/Data/Documents/School/VS/12. semestr/DIP/src/examples/web/Laravel/vendor/laravel/framework/src/Illuminate/Foundation/Console/Kernel.php(320): Illuminate\\Foundation\\Application->bootstrapWith(Array)
#25 /mnt/Data/Documents/School/VS/12. semestr/DIP/src/examples/web/Laravel/vendor/laravel/framework/src/Illuminate/Foundation/Console/Kernel.php(129): Illuminate\\Foundation\\Console\\Kernel->bootstrap()
#26 /mnt/Data/Documents/School/VS/12. semestr/DIP/src/examples/web/Laravel/artisan(37): Illuminate\\Foundation\\Console\\Kernel->handle(Object(Symfony\\Component\\Console\\Input\\ArgvInput), Object(Symfony\\Component\\Console\\Output\\ConsoleOutput))
#27 {main}
"} 
